<html>
<head>
<title>TestNG:  Default test</title>
<link href="../testng.css" rel="stylesheet" type="text/css" />
<link href="../my-testng.css" rel="stylesheet" type="text/css" />

<style type="text/css">
.log { display: none;} 
.stack-trace { display: none;} 
</style>
<script type="text/javascript">
<!--
function flip(e) {
  current = e.style.display;
  if (current == 'block') {
    e.style.display = 'none';
    return 0;
  }
  else {
    e.style.display = 'block';
    return 1;
  }
}

function toggleBox(szDivId, elem, msg1, msg2)
{
  var res = -1;  if (document.getElementById) {
    res = flip(document.getElementById(szDivId));
  }
  else if (document.all) {
    // this is the way old msie versions work
    res = flip(document.all[szDivId]);
  }
  if(elem) {
    if(res == 0) elem.innerHTML = msg1; else elem.innerHTML = msg2;
  }

}

function toggleAllBoxes() {
  if (document.getElementsByTagName) {
    d = document.getElementsByTagName('div');
    for (i = 0; i < d.length; i++) {
      if (d[i].className == 'log') {
        flip(d[i]);
      }
    }
  }
}

// -->
</script>

</head>
<body>
<h2 align='center'>Default test</h2><table border='1' align="center">
<tr>
<td>Tests passed/Failed/Skipped:</td><td>0/1/0</td>
</tr><tr>
<td>Started on:</td><td>Tue Jan 02 22:15:49 IST 2024</td>
</tr>
<tr><td>Total time:</td><td>6 seconds (6420 ms)</td>
</tr><tr>
<td>Included groups:</td><td></td>
</tr><tr>
<td>Excluded groups:</td><td></td>
</tr>
</table><p/>
<small><i>(Hover the method name to see the test class name)</i></small><p/>
<table width='100%' border='1' class='invocation-failed'>
<tr><td colspan='4' align='center'><b>FAILED TESTS</b></td></tr>
<tr><td><b>Test method</b></td>
<td><b>Attribute(s)</b></td>
<td width="30%"><b>Exception</b></td>
<td width="10%"><b>Time (seconds)</b></td>
<td><b>Instance</b></td>
</tr>
<tr>
<td title='runner.SouceDemo.runScenario()'><b>runScenario</b><br>Test class: runner.SouceDemo<br>Test method: Runs Cucumber Scenarios<br>Parameters: "Login to the souceDemo website", "Login Feature"</td>
<td><div><pre>java.lang.AssertionError: expected [Swag Labss] but found [Swag Labs]
	at org.testng.Assert.fail(Assert.java:111)
	at org.testng.Assert.failNotEquals(Assert.java:1578)
	at org.testng.Assert.assertEqualsImpl(Assert.java:150)
	at org.testng.Assert.assertEquals(Assert.java:132)
	at org.testng.Assert.assertEquals(Assert.java:656)
	at org.testng.Assert.assertEquals(Assert.java:666)
	at pages.soucedemo.HomePage.validateTitle(HomePage.java:41)
	at stepdefinition.soucedemo.Login.validate_title_with_title(Login.java:42)
	at ✽.validate title with title &quot;Swag Labss&quot;(file:///Users/sunnybharne/code/AutomationFramework/src/test/resources/features/soucedemo/login.feature:12)
</pre></div><a href='#' onClick='toggleBox("stack-trace1938446408", this, "Click to show all stack frames", "Click to hide stack frames")'>Click to show all stack frames</a>
<div class='stack-trace' id='stack-trace1938446408'><pre>java.lang.AssertionError: expected [Swag Labss] but found [Swag Labs]
	at org.testng.Assert.fail(Assert.java:111)
	at org.testng.Assert.failNotEquals(Assert.java:1578)
	at org.testng.Assert.assertEqualsImpl(Assert.java:150)
	at org.testng.Assert.assertEquals(Assert.java:132)
	at org.testng.Assert.assertEquals(Assert.java:656)
	at org.testng.Assert.assertEquals(Assert.java:666)
	at pages.soucedemo.HomePage.validateTitle(HomePage.java:41)
	at stepdefinition.soucedemo.Login.validate_title_with_title(Login.java:42)
	at ✽.validate title with title &quot;Swag Labss&quot;(file:///Users/sunnybharne/code/AutomationFramework/src/test/resources/features/soucedemo/login.feature:12)
</pre></div></td>
<td>6</td>
<td>runner.SouceDemo@53499d85</td></tr>
</table><p>
</body>
</html>