<?xml version="1.0" encoding="UTF-8"?>
<!-- Generated by org.testng.reporters.JUnitXMLReporter -->
<testsuite ignored="0" hostname="Sunnys-Air.domain.name" failures="1" tests="1" name="Default test" time="6.42" errors="0" timestamp="2024-01-02T22:15:55 IST">
  <testcase classname="io.cucumber.testng.AbstractTestNGCucumberTests" name="runScenario" time="6.129">
    <failure type="java.lang.AssertionError" message="expected [Swag Labss] but found [Swag Labs]">
      <![CDATA[java.lang.AssertionError: expected [Swag Labss] but found [Swag Labs]
at org.testng.Assert.fail(Assert.java:111)
at org.testng.Assert.failNotEquals(Assert.java:1578)
at org.testng.Assert.assertEqualsImpl(Assert.java:150)
at org.testng.Assert.assertEquals(Assert.java:132)
at org.testng.Assert.assertEquals(Assert.java:656)
at org.testng.Assert.assertEquals(Assert.java:666)
at pages.soucedemo.HomePage.validateTitle(HomePage.java:41)
at stepdefinition.soucedemo.Login.validate_title_with_title(Login.java:42)
at âœ½.validate title with title "Swag Labss"(file:///Users/sunnybharne/code/AutomationFramework/src/test/resources/features/soucedemo/login.feature:12)
]]>
    </failure>
  </testcase> <!-- runScenario -->
</testsuite> <!-- Default test -->
